# JRE version: Java(TM) SE Runtime Environment (8.0_65-b17) (build 1.8.0_65-b17)
# Java VM: Java HotSpot(TM) Client VM (25.65-b01 mixed mode windows-x86 )
Heap:
 def new generation   total 4928K, used 3319K [0x04200000, 0x04750000, 0x09750000)
  eden space 4416K,  66% used [0x04200000, 0x044e0268, 0x04650000)
  from space 512K,  73% used [0x046d0000, 0x0472dba0, 0x04750000)
  to   space 512K,   0% used [0x04650000, 0x04650000, 0x046d0000)
 tenured generation   total 10944K, used 3583K [0x09750000, 0x0a200000, 0x14200000)
   the space 10944K,  32% used [0x09750000, 0x09acfd50, 0x09acfe00, 0x0a200000)
 Metaspace       used 9578K, capacity 9752K, committed 9856K, reserved 10624K
GC Heap History (10 events):
Event: 4.839 GC heap before
{Heap before GC invocations=20 (full 0):
 def new generation   total 4928K, used 4875K [0x04200000, 0x04750000, 0x09750000)
  eden space 4416K, 100% used [0x04200000, 0x04650000, 0x04650000)
  from space 512K,  89% used [0x04650000, 0x046c2c60, 0x046d0000)
  to   space 512K,   0% used [0x046d0000, 0x046d0000, 0x04750000)
 tenured generation   total 10944K, used 3381K [0x09750000, 0x0a200000, 0x14200000)
   the space 10944K,  30% used [0x09750000, 0x09a9d4f8, 0x09a9d600, 0x0a200000)
 Metaspace       used 8703K, capacity 8856K, committed 8960K, reserved 9600K
Event: 4.841 GC heap after
Heap after GC invocations=21 (full 0):
 def new generation   total 4928K, used 321K [0x04200000, 0x04750000, 0x09750000)
  eden space 4416K,   0% used [0x04200000, 0x04200000, 0x04650000)
  from space 512K,  62% used [0x046d0000, 0x04720770, 0x04750000)
  to   space 512K,   0% used [0x04650000, 0x04650000, 0x046d0000)
 tenured generation   total 10944K, used 3487K [0x09750000, 0x0a200000, 0x14200000)
   the space 10944K,  31% used [0x09750000, 0x09ab7d48, 0x09ab7e00, 0x0a200000)
 Metaspace       used 8703K, capacity 8856K, committed 8960K, reserved 9600K
}
Event: 4.937 GC heap before
{Heap before GC invocations=21 (full 0):
 def new generation   total 4928K, used 4737K [0x04200000, 0x04750000, 0x09750000)
  eden space 4416K, 100% used [0x04200000, 0x04650000, 0x04650000)
  from space 512K,  62% used [0x046d0000, 0x04720770, 0x04750000)
  to   space 512K,   0% used [0x04650000, 0x04650000, 0x046d0000)
 tenured generation   total 10944K, used 3487K [0x09750000, 0x0a200000, 0x14200000)
   the space 10944K,  31% used [0x09750000, 0x09ab7d48, 0x09ab7e00, 0x0a200000)
 Metaspace       used 8912K, capacity 9048K, committed 9088K, reserved 9600K
Event: 4.940 GC heap after
Heap after GC invocations=22 (full 0):
 def new generation   total 4928K, used 381K [0x04200000, 0x04750000, 0x09750000)
  eden space 4416K,   0% used [0x04200000, 0x04200000, 0x04650000)
  from space 512K,  74% used [0x04650000, 0x046af758, 0x046d0000)
  to   space 512K,   0% used [0x046d0000, 0x046d0000, 0x04750000)
 tenured generation   total 10944K, used 3521K [0x09750000, 0x0a200000, 0x14200000)
   the space 10944K,  32% used [0x09750000, 0x09ac05c0, 0x09ac0600, 0x0a200000)
 Metaspace       used 8912K, capacity 9048K, committed 9088K, reserved 9600K
}
Event: 5.058 GC heap before
{Heap before GC invocations=22 (full 0):
 def new generation   total 4928K, used 4797K [0x04200000, 0x04750000, 0x09750000)
  eden space 4416K, 100% used [0x04200000, 0x04650000, 0x04650000)
  from space 512K,  74% used [0x04650000, 0x046af758, 0x046d0000)
  to   space 512K,   0% used [0x046d0000, 0x046d0000, 0x04750000)
 tenured generation   total 10944K, used 3521K [0x09750000, 0x0a200000, 0x14200000)
   the space 10944K,  32% used [0x09750000, 0x09ac05c0, 0x09ac0600, 0x0a200000)
 Metaspace       used 9099K, capacity 9240K, committed 9344K, reserved 9600K
Event: 5.060 GC heap after
Heap after GC invocations=23 (full 0):
 def new generation   total 4928K, used 319K [0x04200000, 0x04750000, 0x09750000)
  eden space 4416K,   0% used [0x04200000, 0x04200000, 0x04650000)
  from space 512K,  62% used [0x046d0000, 0x0471feb8, 0x04750000)
  to   space 512K,   0% used [0x04650000, 0x04650000, 0x046d0000)
 tenured generation   total 10944K, used 3537K [0x09750000, 0x0a200000, 0x14200000)
   the space 10944K,  32% used [0x09750000, 0x09ac44e0, 0x09ac4600, 0x0a200000)
 Metaspace       used 9099K, capacity 9240K, committed 9344K, reserved 9600K
}
Event: 5.264 GC heap before
{Heap before GC invocations=23 (full 0):
 def new generation   total 4928K, used 4735K [0x04200000, 0x04750000, 0x09750000)
  eden space 4416K, 100% used [0x04200000, 0x04650000, 0x04650000)
  from space 512K,  62% used [0x046d0000, 0x0471feb8, 0x04750000)
  to   space 512K,   0% used [0x04650000, 0x04650000, 0x046d0000)
 tenured generation   total 10944K, used 3537K [0x09750000, 0x0a200000, 0x14200000)
   the space 10944K,  32% used [0x09750000, 0x09ac44e0, 0x09ac4600, 0x0a200000)
 Metaspace       used 9389K, capacity 9528K, committed 9600K, reserved 9600K
Event: 5.267 GC heap after
Heap after GC invocations=24 (full 0):
 def new generation   total 4928K, used 322K [0x04200000, 0x04750000, 0x09750000)
  eden space 4416K,   0% used [0x04200000, 0x04200000, 0x04650000)
  from space 512K,  62% used [0x04650000, 0x046a08a8, 0x046d0000)
  to   space 512K,   0% used [0x046d0000, 0x046d0000, 0x04750000)
 tenured generation   total 10944K, used 3555K [0x09750000, 0x0a200000, 0x14200000)
   the space 10944K,  32% used [0x09750000, 0x09ac8db8, 0x09ac8e00, 0x0a200000)
 Metaspace       used 9389K, capacity 9528K, committed 9600K, reserved 9600K
}
Event: 5.435 GC heap before
{Heap before GC invocations=24 (full 0):
 def new generation   total 4928K, used 4738K [0x04200000, 0x04750000, 0x09750000)
  eden space 4416K, 100% used [0x04200000, 0x04650000, 0x04650000)
  from space 512K,  62% used [0x04650000, 0x046a08a8, 0x046d0000)
  to   space 512K,   0% used [0x046d0000, 0x046d0000, 0x04750000)
 tenured generation   total 10944K, used 3555K [0x09750000, 0x0a200000, 0x14200000)
   the space 10944K,  32% used [0x09750000, 0x09ac8db8, 0x09ac8e00, 0x0a200000)
 Metaspace       used 9554K, capacity 9720K, committed 9856K, reserved 10624K
Event: 5.438 GC heap after
Heap after GC invocations=25 (full 0):
 def new generation   total 4928K, used 374K [0x04200000, 0x04750000, 0x09750000)
  eden space 4416K,   0% used [0x04200000, 0x04200000, 0x04650000)
  from space 512K,  73% used [0x046d0000, 0x0472dba0, 0x04750000)
  to   space 512K,   0% used [0x04650000, 0x04650000, 0x046d0000)
 tenured generation   total 10944K, used 3583K [0x09750000, 0x0a200000, 0x14200000)
   the space 10944K,  32% used [0x09750000, 0x09acfd50, 0x09acfe00, 0x0a200000)
 Metaspace       used 9554K, capacity 9720K, committed 9856K, reserved 10624K
}

